[2025-12-30 12:14:14Z INFO HostContext] No proxy settings were found based on environmental variables (http_proxy/https_proxy/HTTP_PROXY/HTTPS_PROXY)
[2025-12-30 12:14:14Z INFO HostContext] Well known directory 'Bin': 'E:\FIRST YEAR\Third Year\Skill lab\gamehub\actions-runner\bin'
[2025-12-30 12:14:14Z INFO HostContext] Well known directory 'Root': 'E:\FIRST YEAR\Third Year\Skill lab\gamehub\actions-runner'
[2025-12-30 12:14:14Z INFO HostContext] Well known config file 'Credentials': 'E:\FIRST YEAR\Third Year\Skill lab\gamehub\actions-runner\.credentials'
[2025-12-30 12:14:14Z INFO HostContext] Well known directory 'Bin': 'E:\FIRST YEAR\Third Year\Skill lab\gamehub\actions-runner\bin'
[2025-12-30 12:14:14Z INFO HostContext] Well known directory 'Root': 'E:\FIRST YEAR\Third Year\Skill lab\gamehub\actions-runner'
[2025-12-30 12:14:14Z INFO HostContext] Well known config file 'Runner': 'E:\FIRST YEAR\Third Year\Skill lab\gamehub\actions-runner\.runner'
[2025-12-30 12:14:14Z INFO Listener] Runner is built for Windows (X64) - win-x64.
[2025-12-30 12:14:14Z INFO Listener] RuntimeInformation: Microsoft Windows 10.0.19045.
[2025-12-30 12:14:14Z INFO Listener] Version: 2.330.0
[2025-12-30 12:14:14Z INFO Listener] Commit: e2088f1fc730f9e857bec485223b090ef0e3cb87
[2025-12-30 12:14:14Z INFO Listener] Culture: en-IN
[2025-12-30 12:14:14Z INFO Listener] UI Culture: en-US
[2025-12-30 12:14:14Z INFO HostContext] Well known directory 'Bin': 'E:\FIRST YEAR\Third Year\Skill lab\gamehub\actions-runner\bin'
[2025-12-30 12:14:14Z INFO HostContext] Well known directory 'Root': 'E:\FIRST YEAR\Third Year\Skill lab\gamehub\actions-runner'
[2025-12-30 12:14:14Z INFO Listener] Validating directory permissions for: 'E:\FIRST YEAR\Third Year\Skill lab\gamehub\actions-runner'
[2025-12-30 12:14:14Z INFO CommandLineParser] Parse
[2025-12-30 12:14:14Z INFO CommandLineParser] Parsing 5 args
[2025-12-30 12:14:14Z INFO CommandLineParser] parsing argument
[2025-12-30 12:14:14Z INFO CommandLineParser] HasArgs: False
[2025-12-30 12:14:14Z INFO CommandLineParser] Adding Command: configure
[2025-12-30 12:14:14Z INFO CommandLineParser] parsing argument
[2025-12-30 12:14:14Z INFO CommandLineParser] HasArgs: True
[2025-12-30 12:14:14Z INFO CommandLineParser] arg: url
[2025-12-30 12:14:14Z INFO CommandLineParser] parsing argument
[2025-12-30 12:14:14Z INFO CommandLineParser] HasArgs: True
[2025-12-30 12:14:14Z INFO CommandLineParser] Adding option 'url': 'https://github.com/sumedhudupa/gamehub'
[2025-12-30 12:14:14Z INFO CommandLineParser] parsing argument
[2025-12-30 12:14:14Z INFO CommandLineParser] HasArgs: True
[2025-12-30 12:14:14Z INFO CommandLineParser] arg: token
[2025-12-30 12:14:14Z INFO CommandLineParser] parsing argument
[2025-12-30 12:14:14Z INFO CommandLineParser] HasArgs: True
[2025-12-30 12:14:14Z INFO CommandLineParser] Adding option 'token': '***'
[2025-12-30 12:14:14Z INFO Listener] Arguments parsed
[2025-12-30 12:14:14Z INFO Runner] ExecuteCommand
[2025-12-30 12:14:14Z INFO ConfigurationStore] currentAssemblyLocation: E:\FIRST YEAR\Third Year\Skill lab\gamehub\actions-runner\bin\Runner.Listener.dll
[2025-12-30 12:14:14Z INFO HostContext] Well known directory 'Bin': 'E:\FIRST YEAR\Third Year\Skill lab\gamehub\actions-runner\bin'
[2025-12-30 12:14:14Z INFO ConfigurationStore] binPath: E:\FIRST YEAR\Third Year\Skill lab\gamehub\actions-runner\bin
[2025-12-30 12:14:14Z INFO HostContext] Well known directory 'Bin': 'E:\FIRST YEAR\Third Year\Skill lab\gamehub\actions-runner\bin'
[2025-12-30 12:14:14Z INFO HostContext] Well known directory 'Root': 'E:\FIRST YEAR\Third Year\Skill lab\gamehub\actions-runner'
[2025-12-30 12:14:14Z INFO ConfigurationStore] RootFolder: E:\FIRST YEAR\Third Year\Skill lab\gamehub\actions-runner
[2025-12-30 12:14:14Z INFO HostContext] Well known directory 'Bin': 'E:\FIRST YEAR\Third Year\Skill lab\gamehub\actions-runner\bin'
[2025-12-30 12:14:14Z INFO HostContext] Well known directory 'Root': 'E:\FIRST YEAR\Third Year\Skill lab\gamehub\actions-runner'
[2025-12-30 12:14:14Z INFO HostContext] Well known config file 'Runner': 'E:\FIRST YEAR\Third Year\Skill lab\gamehub\actions-runner\.runner'
[2025-12-30 12:14:14Z INFO ConfigurationStore] ConfigFilePath: E:\FIRST YEAR\Third Year\Skill lab\gamehub\actions-runner\.runner
[2025-12-30 12:14:14Z INFO HostContext] Well known directory 'Bin': 'E:\FIRST YEAR\Third Year\Skill lab\gamehub\actions-runner\bin'
[2025-12-30 12:14:14Z INFO HostContext] Well known directory 'Root': 'E:\FIRST YEAR\Third Year\Skill lab\gamehub\actions-runner'
[2025-12-30 12:14:14Z INFO HostContext] Well known config file 'MigratedRunner': 'E:\FIRST YEAR\Third Year\Skill lab\gamehub\actions-runner\.runner_migrated'
[2025-12-30 12:14:14Z INFO ConfigurationStore] MigratedConfigFilePath: E:\FIRST YEAR\Third Year\Skill lab\gamehub\actions-runner\.runner_migrated
[2025-12-30 12:14:14Z INFO HostContext] Well known directory 'Bin': 'E:\FIRST YEAR\Third Year\Skill lab\gamehub\actions-runner\bin'
[2025-12-30 12:14:14Z INFO HostContext] Well known directory 'Root': 'E:\FIRST YEAR\Third Year\Skill lab\gamehub\actions-runner'
[2025-12-30 12:14:14Z INFO HostContext] Well known config file 'Credentials': 'E:\FIRST YEAR\Third Year\Skill lab\gamehub\actions-runner\.credentials'
[2025-12-30 12:14:14Z INFO ConfigurationStore] CredFilePath: E:\FIRST YEAR\Third Year\Skill lab\gamehub\actions-runner\.credentials
[2025-12-30 12:14:14Z INFO HostContext] Well known directory 'Bin': 'E:\FIRST YEAR\Third Year\Skill lab\gamehub\actions-runner\bin'
[2025-12-30 12:14:14Z INFO HostContext] Well known directory 'Root': 'E:\FIRST YEAR\Third Year\Skill lab\gamehub\actions-runner'
[2025-12-30 12:14:14Z INFO HostContext] Well known config file 'MigratedCredentials': 'E:\FIRST YEAR\Third Year\Skill lab\gamehub\actions-runner\.credentials_migrated'
[2025-12-30 12:14:14Z INFO ConfigurationStore] MigratedCredFilePath: E:\FIRST YEAR\Third Year\Skill lab\gamehub\actions-runner\.credentials_migrated
[2025-12-30 12:14:14Z INFO HostContext] Well known directory 'Bin': 'E:\FIRST YEAR\Third Year\Skill lab\gamehub\actions-runner\bin'
[2025-12-30 12:14:14Z INFO HostContext] Well known directory 'Root': 'E:\FIRST YEAR\Third Year\Skill lab\gamehub\actions-runner'
[2025-12-30 12:14:14Z INFO HostContext] Well known config file 'Service': 'E:\FIRST YEAR\Third Year\Skill lab\gamehub\actions-runner\.service'
[2025-12-30 12:14:14Z INFO ConfigurationStore] ServiceConfigFilePath: E:\FIRST YEAR\Third Year\Skill lab\gamehub\actions-runner\.service
[2025-12-30 12:14:14Z INFO CommandSettings] Flag 'help': 'False'
[2025-12-30 12:14:14Z INFO CommandSettings] Flag 'version': 'False'
[2025-12-30 12:14:14Z INFO CommandSettings] Flag 'commit': 'False'
[2025-12-30 12:14:14Z INFO CommandSettings] Flag 'check': 'False'
[2025-12-30 12:14:14Z INFO CommandSettings] Command 'configure': 'True'
[2025-12-30 12:14:14Z INFO Terminal] WRITE LINE: 
[2025-12-30 12:14:14Z INFO Terminal] WRITE LINE: --------------------------------------------------------------------------------
[2025-12-30 12:14:14Z INFO Terminal] WRITE LINE: |        ____ _ _   _   _       _          _        _   _                      |
[2025-12-30 12:14:14Z INFO Terminal] WRITE LINE: |       / ___(_) |_| | | |_   _| |__      / \   ___| |_(_) ___  _ __  ___      |
[2025-12-30 12:14:14Z INFO Terminal] WRITE LINE: |      | |  _| | __| |_| | | | | '_ \    / _ \ / __| __| |/ _ \| '_ \/ __|     |
[2025-12-30 12:14:14Z INFO Terminal] WRITE LINE: |      | |_| | | |_|  _  | |_| | |_) |  / ___ \ (__| |_| | (_) | | | \__ \     |
[2025-12-30 12:14:14Z INFO Terminal] WRITE LINE: |       \____|_|\__|_| |_|\__,_|_.__/  /_/   \_\___|\__|_|\___/|_| |_|___/     |
[2025-12-30 12:14:14Z INFO Terminal] WRITE LINE: |                                                                              |
[2025-12-30 12:14:14Z INFO Terminal] WRITE: |                       
[2025-12-30 12:14:14Z INFO Terminal] WRITE: Self-hosted runner registration
[2025-12-30 12:14:14Z INFO Terminal] WRITE LINE:                         |
[2025-12-30 12:14:14Z INFO Terminal] WRITE LINE: |                                                                              |
[2025-12-30 12:14:14Z INFO Terminal] WRITE LINE: --------------------------------------------------------------------------------
[2025-12-30 12:14:14Z INFO ConfigurationManager] ConfigureAsync
[2025-12-30 12:14:14Z INFO CommandSettings] Flag 'generateServiceConfig': 'False'
[2025-12-30 12:14:14Z INFO ConfigurationStore] IsConfigured()
[2025-12-30 12:14:14Z INFO ConfigurationStore] IsConfigured: False
[2025-12-30 12:14:14Z INFO ConfigurationManager] Is configured: False
[2025-12-30 12:14:14Z INFO CommandSettings] Arg 'url': 'https://github.com/sumedhudupa/gamehub'
[2025-12-30 12:14:14Z INFO CommandSettings] Remove url from Arg dictionary.
[2025-12-30 12:14:14Z INFO CommandSettings] Arg 'token': '***'
[2025-12-30 12:14:14Z INFO CommandSettings] Remove token from Arg dictionary.
[2025-12-30 12:14:15Z INFO ConfigurationManager] Http response code: OK from 'POST https://api.github.com/actions/runner-registration' (D090:2E7077:70CABD:7B1CE7:6953C217)
[2025-12-30 12:14:15Z INFO ConfigurationManager] Using runner-admin flow: False
[2025-12-30 12:14:15Z INFO ConfigurationManager] cred retrieved via GitHub auth
[2025-12-30 12:14:15Z INFO RunnerServer] EstablishVssConnection
[2025-12-30 12:14:15Z INFO RunnerServer] Establish connection with 100 seconds timeout.
[2025-12-30 12:14:15Z INFO GitHubActionsService] Starting operation Location.GetConnectionData
[2025-12-30 12:14:15Z INFO RunnerServer] EstablishVssConnection
[2025-12-30 12:14:15Z INFO RunnerServer] Establish connection with 60 seconds timeout.
[2025-12-30 12:14:15Z INFO GitHubActionsService] Starting operation Location.GetConnectionData
[2025-12-30 12:14:15Z INFO RunnerServer] EstablishVssConnection
[2025-12-30 12:14:15Z INFO RunnerServer] Establish connection with 60 seconds timeout.
[2025-12-30 12:14:15Z INFO GitHubActionsService] Starting operation Location.GetConnectionData
[2025-12-30 12:14:18Z INFO GitHubActionsService] Finished operation Location.GetConnectionData
[2025-12-30 12:14:18Z INFO GitHubActionsService] Finished operation Location.GetConnectionData
[2025-12-30 12:14:18Z INFO GitHubActionsService] Finished operation Location.GetConnectionData
[2025-12-30 12:14:18Z INFO Terminal] WRITE LINE: 
[2025-12-30 12:14:18Z INFO ConfigurationManager] Test Connection complete.
[2025-12-30 12:14:18Z INFO HostContext] Well known directory 'Bin': 'E:\FIRST YEAR\Third Year\Skill lab\gamehub\actions-runner\bin'
[2025-12-30 12:14:18Z INFO HostContext] Well known directory 'Root': 'E:\FIRST YEAR\Third Year\Skill lab\gamehub\actions-runner'
[2025-12-30 12:14:18Z INFO HostContext] Well known config file 'RSACredentials': 'E:\FIRST YEAR\Third Year\Skill lab\gamehub\actions-runner\.credentials_rsaparams'
[2025-12-30 12:14:18Z INFO RSAEncryptedFileKeyManager] Creating new RSA key using 2048-bit key length
[2025-12-30 12:14:18Z INFO RSAEncryptedFileKeyManager] Successfully saved RSA key parameters to file E:\FIRST YEAR\Third Year\Skill lab\gamehub\actions-runner\.credentials_rsaparams
[2025-12-30 12:14:18Z INFO CommandSettings] Arg 'runnergroup': ''
[2025-12-30 12:14:18Z INFO CommandSettings] Flag 'unattended': 'False'
[2025-12-30 12:14:18Z INFO PromptManager] ReadValue
[2025-12-30 12:14:18Z INFO Terminal] WRITE: Enter the name of the runner group to add this runner to: 
[2025-12-30 12:14:18Z INFO Terminal] WRITE: [press Enter for Default] 
[2025-12-30 12:14:18Z INFO Terminal] READ LINE
[2025-12-30 12:14:34Z INFO Terminal] Read value: ''
[2025-12-30 12:14:34Z INFO PromptManager] Falling back to the default: 'Default'
[2025-12-30 12:14:34Z INFO Terminal] WRITE LINE: 
[2025-12-30 12:14:34Z INFO ConfigurationManager] Found a self-hosted runner group with id 1 and name Default
[2025-12-30 12:14:34Z INFO CommandSettings] Flag 'disableupdate': 'False'
[2025-12-30 12:14:34Z INFO CommandSettings] Flag 'ephemeral': 'False'
[2025-12-30 12:14:34Z INFO CommandSettings] Arg 'name': ''
[2025-12-30 12:14:34Z INFO CommandSettings] Flag 'unattended': 'False'
[2025-12-30 12:14:34Z INFO PromptManager] ReadValue
[2025-12-30 12:14:34Z INFO Terminal] WRITE: Enter the name of runner: 
[2025-12-30 12:14:34Z INFO Terminal] WRITE: [press Enter for DESKTOP-DRC2RR7] 
[2025-12-30 12:14:34Z INFO Terminal] READ LINE
[2025-12-30 12:14:46Z INFO Terminal] Read value: 'First'
[2025-12-30 12:14:46Z INFO Terminal] WRITE LINE: 
[2025-12-30 12:14:46Z INFO CommandSettings] Arg 'labels': ''
[2025-12-30 12:14:46Z INFO CommandSettings] Flag 'unattended': 'False'
[2025-12-30 12:14:46Z INFO PromptManager] ReadValue
[2025-12-30 12:14:46Z INFO Terminal] WRITE: This runner will have the following labels: 'self-hosted', 'Windows', 'X64' 
Enter any additional labels (ex. label-1,label-2): 
[2025-12-30 12:14:46Z INFO Terminal] WRITE: [press Enter to skip] 
[2025-12-30 12:14:46Z INFO Terminal] READ LINE
[2025-12-30 12:14:49Z INFO Terminal] Read value: ''
[2025-12-30 12:14:49Z INFO Terminal] WRITE LINE: 
[2025-12-30 12:14:50Z INFO CommandSettings] Flag 'disableupdate': 'False'
[2025-12-30 12:14:50Z INFO CommandSettings] Flag 'no-default-labels': 'False'
[2025-12-30 12:14:50Z INFO CommandSettings] Flag 'disableupdate': 'False'
[2025-12-30 12:14:50Z INFO CommandSettings] Flag 'ephemeral': 'False'
[2025-12-30 12:14:50Z INFO ConfigurationStore] Saving OAuth credential @ E:\FIRST YEAR\Third Year\Skill lab\gamehub\actions-runner\.credentials
[2025-12-30 12:14:50Z INFO ConfigurationStore] Credentials Saved.
[2025-12-30 12:14:50Z INFO ConfigurationManager] Service enforced serverUrlV2: https://broker.actions.githubusercontent.com/
[2025-12-30 12:14:50Z INFO ConfigurationManager] Service enforced useV2Flow: True
[2025-12-30 12:14:50Z INFO CommandSettings] Arg 'work': ''
[2025-12-30 12:14:50Z INFO CommandSettings] Flag 'unattended': 'False'
[2025-12-30 12:14:50Z INFO PromptManager] ReadValue
[2025-12-30 12:14:50Z INFO Terminal] WRITE: Enter name of work folder: 
[2025-12-30 12:14:50Z INFO Terminal] WRITE: [press Enter for _work] 
[2025-12-30 12:14:50Z INFO Terminal] READ LINE
[2025-12-30 12:14:59Z INFO Terminal] Read value: './run.cmd'
[2025-12-30 12:14:59Z INFO ConfigurationStore] Saving runner settings.
[2025-12-30 12:14:59Z INFO ConfigurationStore] Settings Saved.
[2025-12-30 12:14:59Z INFO Terminal] WRITE LINE: 
[2025-12-30 12:14:59Z INFO Terminal] WRITE LINE: 
[2025-12-30 12:14:59Z INFO CommandSettings] Flag 'runasservice': 'False'
[2025-12-30 12:14:59Z INFO CommandSettings] Flag 'unattended': 'False'
[2025-12-30 12:14:59Z INFO PromptManager] ReadValue
[2025-12-30 12:14:59Z INFO Terminal] WRITE: Would you like to run the runner as service? (Y/N) 
[2025-12-30 12:14:59Z INFO Terminal] WRITE: [press Enter for N] 
[2025-12-30 12:14:59Z INFO Terminal] READ LINE
[2025-12-30 12:15:06Z INFO Terminal] Read value: 'Y'
[2025-12-30 12:15:06Z INFO ConfigurationManager] Configuring to run the agent as service
[2025-12-30 12:15:06Z ERR  WindowsServiceControlManager] Needs Administrator privileges for configure runner as windows service.
[2025-12-30 12:15:06Z ERR  Runner] System.Security.SecurityException: Needs Administrator privileges for configuring runner as windows service.
   at GitHub.Runner.Listener.Configuration.WindowsServiceControlManager.ConfigureService(RunnerSettings settings, CommandSettings command)
   at GitHub.Runner.Listener.Configuration.ConfigurationManager.ConfigureAsync(CommandSettings command)
   at GitHub.Runner.Listener.Runner.ExecuteCommand(CommandSettings command)
[2025-12-30 12:15:06Z ERR  Terminal] WRITE ERROR: Needs Administrator privileges for configuring runner as windows service.
[2025-12-30 12:15:07Z INFO Listener] Runner execution has finished with return code 1
