[2025-12-30 12:11:38Z INFO HostContext] No proxy settings were found based on environmental variables (http_proxy/https_proxy/HTTP_PROXY/HTTPS_PROXY)
[2025-12-30 12:11:38Z INFO HostContext] Well known directory 'Bin': 'E:\FIRST YEAR\Third Year\Skill lab\gamehub\actions-runner\bin'
[2025-12-30 12:11:38Z INFO HostContext] Well known directory 'Root': 'E:\FIRST YEAR\Third Year\Skill lab\gamehub\actions-runner'
[2025-12-30 12:11:38Z INFO HostContext] Well known config file 'Credentials': 'E:\FIRST YEAR\Third Year\Skill lab\gamehub\actions-runner\.credentials'
[2025-12-30 12:11:38Z INFO HostContext] Well known directory 'Bin': 'E:\FIRST YEAR\Third Year\Skill lab\gamehub\actions-runner\bin'
[2025-12-30 12:11:38Z INFO HostContext] Well known directory 'Root': 'E:\FIRST YEAR\Third Year\Skill lab\gamehub\actions-runner'
[2025-12-30 12:11:38Z INFO HostContext] Well known config file 'Runner': 'E:\FIRST YEAR\Third Year\Skill lab\gamehub\actions-runner\.runner'
[2025-12-30 12:11:38Z INFO Listener] Runner is built for Windows (X64) - win-x64.
[2025-12-30 12:11:38Z INFO Listener] RuntimeInformation: Microsoft Windows 10.0.19045.
[2025-12-30 12:11:38Z INFO Listener] Version: 2.330.0
[2025-12-30 12:11:38Z INFO Listener] Commit: e2088f1fc730f9e857bec485223b090ef0e3cb87
[2025-12-30 12:11:38Z INFO Listener] Culture: en-IN
[2025-12-30 12:11:38Z INFO Listener] UI Culture: en-US
[2025-12-30 12:11:38Z INFO HostContext] Well known directory 'Bin': 'E:\FIRST YEAR\Third Year\Skill lab\gamehub\actions-runner\bin'
[2025-12-30 12:11:38Z INFO HostContext] Well known directory 'Root': 'E:\FIRST YEAR\Third Year\Skill lab\gamehub\actions-runner'
[2025-12-30 12:11:38Z INFO Listener] Validating directory permissions for: 'E:\FIRST YEAR\Third Year\Skill lab\gamehub\actions-runner'
[2025-12-30 12:11:38Z INFO CommandLineParser] Parse
[2025-12-30 12:11:38Z INFO CommandLineParser] Parsing 5 args
[2025-12-30 12:11:38Z INFO CommandLineParser] parsing argument
[2025-12-30 12:11:38Z INFO CommandLineParser] HasArgs: False
[2025-12-30 12:11:38Z INFO CommandLineParser] Adding Command: configure
[2025-12-30 12:11:38Z INFO CommandLineParser] parsing argument
[2025-12-30 12:11:38Z INFO CommandLineParser] HasArgs: True
[2025-12-30 12:11:38Z INFO CommandLineParser] arg: url
[2025-12-30 12:11:38Z INFO CommandLineParser] parsing argument
[2025-12-30 12:11:38Z INFO CommandLineParser] HasArgs: True
[2025-12-30 12:11:38Z INFO CommandLineParser] Adding option 'url': 'https://github.com/sumedhudupa/gamehub'
[2025-12-30 12:11:38Z INFO CommandLineParser] parsing argument
[2025-12-30 12:11:38Z INFO CommandLineParser] HasArgs: True
[2025-12-30 12:11:38Z INFO CommandLineParser] arg: token
[2025-12-30 12:11:38Z INFO CommandLineParser] parsing argument
[2025-12-30 12:11:38Z INFO CommandLineParser] HasArgs: True
[2025-12-30 12:11:38Z INFO CommandLineParser] Adding option 'token': '***'
[2025-12-30 12:11:38Z INFO Listener] Arguments parsed
[2025-12-30 12:11:38Z INFO Runner] ExecuteCommand
[2025-12-30 12:11:38Z INFO ConfigurationStore] currentAssemblyLocation: E:\FIRST YEAR\Third Year\Skill lab\gamehub\actions-runner\bin\Runner.Listener.dll
[2025-12-30 12:11:38Z INFO HostContext] Well known directory 'Bin': 'E:\FIRST YEAR\Third Year\Skill lab\gamehub\actions-runner\bin'
[2025-12-30 12:11:38Z INFO ConfigurationStore] binPath: E:\FIRST YEAR\Third Year\Skill lab\gamehub\actions-runner\bin
[2025-12-30 12:11:38Z INFO HostContext] Well known directory 'Bin': 'E:\FIRST YEAR\Third Year\Skill lab\gamehub\actions-runner\bin'
[2025-12-30 12:11:38Z INFO HostContext] Well known directory 'Root': 'E:\FIRST YEAR\Third Year\Skill lab\gamehub\actions-runner'
[2025-12-30 12:11:38Z INFO ConfigurationStore] RootFolder: E:\FIRST YEAR\Third Year\Skill lab\gamehub\actions-runner
[2025-12-30 12:11:38Z INFO HostContext] Well known directory 'Bin': 'E:\FIRST YEAR\Third Year\Skill lab\gamehub\actions-runner\bin'
[2025-12-30 12:11:38Z INFO HostContext] Well known directory 'Root': 'E:\FIRST YEAR\Third Year\Skill lab\gamehub\actions-runner'
[2025-12-30 12:11:38Z INFO HostContext] Well known config file 'Runner': 'E:\FIRST YEAR\Third Year\Skill lab\gamehub\actions-runner\.runner'
[2025-12-30 12:11:38Z INFO ConfigurationStore] ConfigFilePath: E:\FIRST YEAR\Third Year\Skill lab\gamehub\actions-runner\.runner
[2025-12-30 12:11:38Z INFO HostContext] Well known directory 'Bin': 'E:\FIRST YEAR\Third Year\Skill lab\gamehub\actions-runner\bin'
[2025-12-30 12:11:38Z INFO HostContext] Well known directory 'Root': 'E:\FIRST YEAR\Third Year\Skill lab\gamehub\actions-runner'
[2025-12-30 12:11:38Z INFO HostContext] Well known config file 'MigratedRunner': 'E:\FIRST YEAR\Third Year\Skill lab\gamehub\actions-runner\.runner_migrated'
[2025-12-30 12:11:38Z INFO ConfigurationStore] MigratedConfigFilePath: E:\FIRST YEAR\Third Year\Skill lab\gamehub\actions-runner\.runner_migrated
[2025-12-30 12:11:38Z INFO HostContext] Well known directory 'Bin': 'E:\FIRST YEAR\Third Year\Skill lab\gamehub\actions-runner\bin'
[2025-12-30 12:11:38Z INFO HostContext] Well known directory 'Root': 'E:\FIRST YEAR\Third Year\Skill lab\gamehub\actions-runner'
[2025-12-30 12:11:38Z INFO HostContext] Well known config file 'Credentials': 'E:\FIRST YEAR\Third Year\Skill lab\gamehub\actions-runner\.credentials'
[2025-12-30 12:11:38Z INFO ConfigurationStore] CredFilePath: E:\FIRST YEAR\Third Year\Skill lab\gamehub\actions-runner\.credentials
[2025-12-30 12:11:38Z INFO HostContext] Well known directory 'Bin': 'E:\FIRST YEAR\Third Year\Skill lab\gamehub\actions-runner\bin'
[2025-12-30 12:11:38Z INFO HostContext] Well known directory 'Root': 'E:\FIRST YEAR\Third Year\Skill lab\gamehub\actions-runner'
[2025-12-30 12:11:38Z INFO HostContext] Well known config file 'MigratedCredentials': 'E:\FIRST YEAR\Third Year\Skill lab\gamehub\actions-runner\.credentials_migrated'
[2025-12-30 12:11:38Z INFO ConfigurationStore] MigratedCredFilePath: E:\FIRST YEAR\Third Year\Skill lab\gamehub\actions-runner\.credentials_migrated
[2025-12-30 12:11:38Z INFO HostContext] Well known directory 'Bin': 'E:\FIRST YEAR\Third Year\Skill lab\gamehub\actions-runner\bin'
[2025-12-30 12:11:38Z INFO HostContext] Well known directory 'Root': 'E:\FIRST YEAR\Third Year\Skill lab\gamehub\actions-runner'
[2025-12-30 12:11:38Z INFO HostContext] Well known config file 'Service': 'E:\FIRST YEAR\Third Year\Skill lab\gamehub\actions-runner\.service'
[2025-12-30 12:11:38Z INFO ConfigurationStore] ServiceConfigFilePath: E:\FIRST YEAR\Third Year\Skill lab\gamehub\actions-runner\.service
[2025-12-30 12:11:38Z INFO CommandSettings] Flag 'help': 'False'
[2025-12-30 12:11:38Z INFO CommandSettings] Flag 'version': 'False'
[2025-12-30 12:11:38Z INFO CommandSettings] Flag 'commit': 'False'
[2025-12-30 12:11:38Z INFO CommandSettings] Flag 'check': 'False'
[2025-12-30 12:11:38Z INFO CommandSettings] Command 'configure': 'True'
[2025-12-30 12:11:38Z INFO Terminal] WRITE LINE: 
[2025-12-30 12:11:38Z INFO Terminal] WRITE LINE: --------------------------------------------------------------------------------
[2025-12-30 12:11:38Z INFO Terminal] WRITE LINE: |        ____ _ _   _   _       _          _        _   _                      |
[2025-12-30 12:11:38Z INFO Terminal] WRITE LINE: |       / ___(_) |_| | | |_   _| |__      / \   ___| |_(_) ___  _ __  ___      |
[2025-12-30 12:11:38Z INFO Terminal] WRITE LINE: |      | |  _| | __| |_| | | | | '_ \    / _ \ / __| __| |/ _ \| '_ \/ __|     |
[2025-12-30 12:11:38Z INFO Terminal] WRITE LINE: |      | |_| | | |_|  _  | |_| | |_) |  / ___ \ (__| |_| | (_) | | | \__ \     |
[2025-12-30 12:11:38Z INFO Terminal] WRITE LINE: |       \____|_|\__|_| |_|\__,_|_.__/  /_/   \_\___|\__|_|\___/|_| |_|___/     |
[2025-12-30 12:11:38Z INFO Terminal] WRITE LINE: |                                                                              |
[2025-12-30 12:11:38Z INFO Terminal] WRITE: |                       
[2025-12-30 12:11:38Z INFO Terminal] WRITE: Self-hosted runner registration
[2025-12-30 12:11:38Z INFO Terminal] WRITE LINE:                         |
[2025-12-30 12:11:38Z INFO Terminal] WRITE LINE: |                                                                              |
[2025-12-30 12:11:38Z INFO Terminal] WRITE LINE: --------------------------------------------------------------------------------
[2025-12-30 12:11:38Z INFO ConfigurationManager] ConfigureAsync
[2025-12-30 12:11:38Z INFO CommandSettings] Flag 'generateServiceConfig': 'False'
[2025-12-30 12:11:38Z INFO ConfigurationStore] IsConfigured()
[2025-12-30 12:11:38Z INFO ConfigurationStore] IsConfigured: False
[2025-12-30 12:11:38Z INFO ConfigurationManager] Is configured: False
[2025-12-30 12:11:38Z INFO CommandSettings] Arg 'url': 'https://github.com/sumedhudupa/gamehub'
[2025-12-30 12:11:38Z INFO CommandSettings] Remove url from Arg dictionary.
[2025-12-30 12:11:38Z INFO CommandSettings] Arg 'token': '***'
[2025-12-30 12:11:38Z INFO CommandSettings] Remove token from Arg dictionary.
[2025-12-30 12:11:39Z ERR  Terminal] WRITE ERROR: Http response code: NotFound from 'POST https://api.github.com/actions/runner-registration' (Request Id: D05A:2CE58D:6DEDC4:7831EA:6953C17B)
[2025-12-30 12:11:39Z ERR  Terminal] WRITE ERROR: {"message":"Not Found","documentation_url":"https://docs.github.com/rest","status":"404"}
[2025-12-30 12:11:39Z ERR  Runner] System.Net.Http.HttpRequestException: Response status code does not indicate success: 404 (Not Found).
   at System.Net.Http.HttpResponseMessage.EnsureSuccessStatusCode()
   at GitHub.Runner.Listener.Configuration.ConfigurationManager.GetTenantCredential(String githubUrl, String githubToken, String runnerEvent)
   at GitHub.Runner.Listener.Configuration.ConfigurationManager.ConfigureAsync(CommandSettings command)
   at GitHub.Runner.Listener.Runner.ExecuteCommand(CommandSettings command)
[2025-12-30 12:11:39Z ERR  Terminal] WRITE ERROR: Response status code does not indicate success: 404 (Not Found).
[2025-12-30 12:11:39Z INFO Listener] Runner execution has finished with return code 1
